<?xml version="1.0" encoding="UTF-8"?>
<!-- Generated by org.testng.reporters.JUnitReportReporter -->
<testsuite hostname="FSEGUNDO-LAP" failures="0" tests="1" name="hsbcRunTest" time="28.658" errors="0" timestamp="2020-11-09T16:08:12 CST" skipped="0">
  <testcase classname="hsbcRunTest" name="feature" time="28.658"/>
  <system-out/>
</testsuite> <!-- hsbcRunTest -->
